
/home/runner/work/exp-autoreclosure-sectionalizer-operation-nitk/exp-autoreclosure-sectionalizer-operation-nitk/experiment/simulation/js/datasets.js
    1:5  warning  'screen' is assigned a value but never used          no-unused-vars
    3:5  warning  'ctx' is assigned a value but never used             no-unused-vars
    5:5  warning  'fault' is assigned a value but never used           no-unused-vars
    6:5  warning  'count' is assigned a value but never used           no-unused-vars
    7:3  warning  'count1' is assigned a value but never used          no-unused-vars
    8:5  warning  's1Active' is assigned a value but never used        no-unused-vars
    9:3  warning  's2Active' is assigned a value but never used        no-unused-vars
   10:3  warning  's3Active' is assigned a value but never used        no-unused-vars
   11:3  warning  's4Active' is assigned a value but never used        no-unused-vars
   12:7  warning  'originalWidth' is assigned a value but never used   no-unused-vars
   13:7  warning  'originalHeight' is assigned a value but never used  no-unused-vars
   14:5  warning  'scaleX' is assigned a value but never used          no-unused-vars
   15:3  warning  'scaleY' is assigned a value but never used          no-unused-vars
   16:5  warning  'timerTracker' is assigned a value but never used    no-unused-vars
   17:3  warning  'timeTracker1' is assigned a value but never used    no-unused-vars
   18:3  warning  'timerTracker2' is assigned a value but never used   no-unused-vars
   19:3  warning  'timerTracker3' is assigned a value but never used   no-unused-vars
   20:2  warning  'timerTracker4' is not defined                       no-undef
   21:4  warning  'timerTracker5' is not defined                       no-undef
   22:4  warning  'timerTracker6' is not defined                       no-undef
   23:4  warning  'timerTracker7' is not defined                       no-undef
   24:4  warning  'timerTracker8' is not defined                       no-undef
   25:4  warning  'timerTracker9' is not defined                       no-undef
   26:4  warning  'timerTracker10' is not defined                      no-undef
   27:4  warning  'timerTracker11' is not defined                      no-undef
   28:4  warning  'timerTracker12' is not defined                      no-undef
   29:4  warning  'timerTracker13' is not defined                      no-undef
   30:4  warning  'timerTracker14' is not defined                      no-undef
   31:5  warning  'timeSet' is assigned a value but never used         no-unused-vars
   46:5  warning  'lines' is assigned a value but never used           no-unused-vars
  243:5  warning  'rectangles' is assigned a value but never used      no-unused-vars
  258:5  warning  'arcs' is assigned a value but never used            no-unused-vars
  288:5  warning  'transientF1' is assigned a value but never used     no-unused-vars

/home/runner/work/exp-autoreclosure-sectionalizer-operation-nitk/exp-autoreclosure-sectionalizer-operation-nitk/experiment/simulation/js/drawOnCanvas.js
    5:10  warning  'goToNextPage' is defined but never used          no-unused-vars
    6:3   warning  Read-only global 'screen' should not be modified  no-global-assign
   37:10  warning  'backToMainPage' is defined but never used        no-unused-vars
   49:3   warning  Read-only global 'screen' should not be modified  no-global-assign
   66:10  warning  'toggleTip' is defined but never used             no-unused-vars
   74:3   warning  'ctx' is not defined                              no-undef
   75:3   warning  'ctx' is not defined                              no-undef
   76:3   warning  'ctx' is not defined                              no-undef
   77:3   warning  'ctx' is not defined                              no-undef
   78:3   warning  'ctx' is not defined                              no-undef
   78:21  warning  'scaleX' is not defined                           no-undef
   78:36  warning  'scaleY' is not defined                           no-undef
   79:3   warning  'ctx' is not defined                              no-undef
   79:21  warning  'scaleX' is not defined                           no-undef
   79:36  warning  'scaleY' is not defined                           no-undef
   80:3   warning  'ctx' is not defined                              no-undef
   81:3   warning  'ctx' is not defined                              no-undef
   85:3   warning  'ctx' is not defined                              no-undef
   86:3   warning  'ctx' is not defined                              no-undef
   88:3   warning  'ctx' is not defined                              no-undef
   89:3   warning  'ctx' is not defined                              no-undef
   90:3   warning  'ctx' is not defined                              no-undef
   90:21  warning  'scaleX' is not defined                           no-undef
   90:36  warning  'scaleY' is not defined                           no-undef
   91:3   warning  'ctx' is not defined                              no-undef
   91:21  warning  'scaleX' is not defined                           no-undef
   91:36  warning  'scaleY' is not defined                           no-undef
   92:3   warning  'ctx' is not defined                              no-undef
   93:3   warning  'ctx' is not defined                              no-undef
   97:3   warning  'ctx' is not defined                              no-undef
   98:3   warning  'ctx' is not defined                              no-undef
   99:3   warning  'ctx' is not defined                              no-undef
  101:3   warning  'ctx' is not defined                              no-undef
  102:3   warning  'ctx' is not defined                              no-undef
  102:21  warning  'scaleX' is not defined                           no-undef
  102:36  warning  'scaleY' is not defined                           no-undef
  103:3   warning  'ctx' is not defined                              no-undef
  103:21  warning  'scaleX' is not defined                           no-undef
  103:36  warning  'scaleY' is not defined                           no-undef
  104:3   warning  'ctx' is not defined                              no-undef
  104:21  warning  'scaleX' is not defined                           no-undef
  104:36  warning  'scaleY' is not defined                           no-undef
  105:3   warning  'ctx' is not defined                              no-undef
  106:3   warning  'ctx' is not defined                              no-undef
  112:3   warning  'ctx' is not defined                              no-undef
  113:3   warning  'ctx' is not defined                              no-undef
  114:3   warning  'ctx' is not defined                              no-undef
  115:3   warning  'ctx' is not defined                              no-undef
  115:19  warning  'scaleX' is not defined                           no-undef
  115:34  warning  'scaleY' is not defined                           no-undef
  116:3   warning  'ctx' is not defined                              no-undef
  117:3   warning  'ctx' is not defined                              no-undef
  118:3   warning  'ctx' is not defined                              no-undef
  122:3   warning  'ctx' is not defined                              no-undef
  123:3   warning  'ctx' is not defined                              no-undef
  124:3   warning  'ctx' is not defined                              no-undef
  125:3   warning  'ctx' is not defined                              no-undef
  125:22  warning  'scaleX' is not defined                           no-undef
  125:37  warning  'scaleY' is not defined                           no-undef
  126:3   warning  'ctx' is not defined                              no-undef
  127:3   warning  'ctx' is not defined                              no-undef
  128:3   warning  'ctx' is not defined                              no-undef
  141:3   warning  'scaleX' is not defined                           no-undef
  141:25  warning  'originalWidth' is not defined                    no-undef
  142:3   warning  'scaleY' is not defined                           no-undef
  142:26  warning  'originalHeight' is not defined                   no-undef
  145:22  warning  'canvas' is not defined                           no-undef
  147:3   warning  'canvas' is not defined                           no-undef
  148:3   warning  'canvas' is not defined                           no-undef
  150:3   warning  'ctx' is not defined                              no-undef
  150:23  warning  'canvas' is not defined                           no-undef
  150:37  warning  'canvas' is not defined                           no-undef
  174:3   warning  'canvas' is not defined                           no-undef
  175:3   warning  'ctx' is not defined                              no-undef
  175:23  warning  'canvas' is not defined                           no-undef
  175:37  warning  'canvas' is not defined                           no-undef
  176:12  warning  'lines' is not defined                            no-undef
  176:33  warning  'lines' is not defined                            no-undef
  176:52  warning  'lines' is not defined                            no-undef
  177:12  warning  'lines' is not defined                            no-undef
  177:33  warning  'lines' is not defined                            no-undef
  177:52  warning  'lines' is not defined                            no-undef
  178:12  warning  'lines' is not defined                            no-undef
  178:33  warning  'lines' is not defined                            no-undef
  178:52  warning  'lines' is not defined                            no-undef
  179:12  warning  'lines' is not defined                            no-undef
  179:33  warning  'lines' is not defined                            no-undef
  179:52  warning  'lines' is not defined                            no-undef
  181:12  warning  'lines' is not defined                            no-undef
  181:36  warning  'lines' is not defined                            no-undef
  181:58  warning  'lines' is not defined                            no-undef
  182:12  warning  'lines' is not defined                            no-undef
  182:36  warning  'lines' is not defined                            no-undef
  182:58  warning  'lines' is not defined                            no-undef
  183:12  warning  'lines' is not defined                            no-undef
  183:36  warning  'lines' is not defined                            no-undef
  183:58  warning  'lines' is not defined                            no-undef
  184:12  warning  'lines' is not defined                            no-undef
  184:36  warning  'lines' is not defined                            no-undef
  184:58  warning  'lines' is not defined                            no-undef
  185:12  warning  'lines' is not defined                            no-undef
  185:36  warning  'lines' is not defined                            no-undef
  185:58  warning  'lines' is not defined                            no-undef
  187:12  warning  'lines' is not defined                            no-undef
  187:33  warning  'lines' is not defined                            no-undef
  187:52  warning  'lines' is not defined                            no-undef
  188:12  warning  'lines' is not defined                            no-undef
  188:33  warning  'lines' is not defined                            no-undef
  188:52  warning  'lines' is not defined                            no-undef
  189:12  warning  'lines' is not defined                            no-undef
  189:33  warning  'lines' is not defined                            no-undef
  189:52  warning  'lines' is not defined                            no-undef
  190:12  warning  'lines' is not defined                            no-undef
  190:33  warning  'lines' is not defined                            no-undef
  190:52  warning  'lines' is not defined                            no-undef
  191:12  warning  'lines' is not defined                            no-undef
  191:33  warning  'lines' is not defined                            no-undef
  191:52  warning  'lines' is not defined                            no-undef
  193:12  warning  'lines' is not defined                            no-undef
  193:37  warning  'lines' is not defined                            no-undef
  193:60  warning  'lines' is not defined                            no-undef
  194:12  warning  'lines' is not defined                            no-undef
  194:37  warning  'lines' is not defined                            no-undef
  194:60  warning  'lines' is not defined                            no-undef
  196:12  warning  'lines' is not defined                            no-undef
  196:37  warning  'lines' is not defined                            no-undef
  196:60  warning  'lines' is not defined                            no-undef
  197:12  warning  'lines' is not defined                            no-undef
  197:37  warning  'lines' is not defined                            no-undef
  197:60  warning  'lines' is not defined                            no-undef
  199:12  warning  'lines' is not defined                            no-undef
  199:37  warning  'lines' is not defined                            no-undef
  199:60  warning  'lines' is not defined                            no-undef
  200:12  warning  'lines' is not defined                            no-undef
  200:37  warning  'lines' is not defined                            no-undef
  200:60  warning  'lines' is not defined                            no-undef
  202:12  warning  'lines' is not defined                            no-undef
  202:37  warning  'lines' is not defined                            no-undef
  202:60  warning  'lines' is not defined                            no-undef
  203:12  warning  'lines' is not defined                            no-undef
  203:37  warning  'lines' is not defined                            no-undef
  203:60  warning  'lines' is not defined                            no-undef
  205:12  warning  'lines' is not defined                            no-undef
  205:37  warning  'lines' is not defined                            no-undef
  205:60  warning  'lines' is not defined                            no-undef
  206:12  warning  'lines' is not defined                            no-undef
  206:37  warning  'lines' is not defined                            no-undef
  206:60  warning  'lines' is not defined                            no-undef
  208:12  warning  'lines' is not defined                            no-undef
  208:37  warning  'lines' is not defined                            no-undef
  208:60  warning  'lines' is not defined                            no-undef
  209:12  warning  'lines' is not defined                            no-undef
  209:37  warning  'lines' is not defined                            no-undef
  209:60  warning  'lines' is not defined                            no-undef
  211:12  warning  'lines' is not defined                            no-undef
  211:37  warning  'lines' is not defined                            no-undef
  211:60  warning  'lines' is not defined                            no-undef
  212:12  warning  'lines' is not defined                            no-undef
  212:37  warning  'lines' is not defined                            no-undef
  212:60  warning  'lines' is not defined                            no-undef
  214:12  warning  'lines' is not defined                            no-undef
  214:34  warning  'lines' is not defined                            no-undef
  214:54  warning  'lines' is not defined                            no-undef
  215:12  warning  'lines' is not defined                            no-undef
  215:34  warning  'lines' is not defined                            no-undef
  215:54  warning  'lines' is not defined                            no-undef
  216:12  warning  'lines' is not defined                            no-undef
  216:34  warning  'lines' is not defined                            no-undef
  216:54  warning  'lines' is not defined                            no-undef
  219:17  warning  'rectangles' is not defined                       no-undef
  219:36  warning  'rectangles' is not defined                       no-undef
  220:17  warning  'rectangles' is not defined                       no-undef
  220:36  warning  'rectangles' is not defined                       no-undef
  223:11  warning  'arcs' is not defined                             no-undef
  223:24  warning  'arcs' is not defined                             no-undef
  224:11  warning  'arcs' is not defined                             no-undef
  224:24  warning  'arcs' is not defined                             no-undef
  225:11  warning  'arcs' is not defined                             no-undef
  225:24  warning  'arcs' is not defined                             no-undef
  226:11  warning  'arcs' is not defined                             no-undef
  226:24  warning  'arcs' is not defined                             no-undef
  229:10  warning  'lineFromControlToS4' is defined but never used   no-unused-vars
  233:10  warning  'lineFromControlToS2' is defined but never used   no-unused-vars
  238:10  warning  'lineFromControlToS3' is defined but never used   no-unused-vars
  246:10  warning  'lineFromControltoS1' is defined but never used   no-unused-vars
  259:3   warning  'fault' is not defined                            no-undef
  269:3   warning  'fault' is not defined                            no-undef
  277:3   warning  'fault' is not defined                            no-undef
  285:3   warning  'fault' is not defined                            no-undef
  293:3   warning  'fault' is not defined                            no-undef
  298:10  warning  'processFault1' is defined but never used         no-unused-vars
  303:7   warning  'fault' is not defined                            no-undef
  306:7   warning  'lines' is not defined                            no-undef
  308:5   warning  'lines' is not defined                            no-undef
  309:5   warning  'lines' is not defined                            no-undef
  310:5   warning  'rectangles' is not defined                       no-undef
  311:5   warning  'rectangles' is not defined                       no-undef
  313:59  warning  'transientF1' is not defined                      no-undef
  316:61  warning  'transientF1' is not defined                      no-undef
  317:7   warning  'timerTracker' is not defined                     no-undef
  318:9   warning  'setTimer1' is not defined                        no-undef
  321:14  warning  'fault' is not defined                            no-undef
  323:7   warning  'lines' is not defined                            no-undef
  325:5   warning  'lines' is not defined                            no-undef
  326:5   warning  'lines' is not defined                            no-undef
  327:5   warning  'rectangles' is not defined                       no-undef
  328:5   warning  'rectangles' is not defined                       no-undef
  330:59  warning  'transientF1' is not defined                      no-undef
  333:61  warning  'transientF1' is not defined                      no-undef
  334:7   warning  'timerTracker' is not defined                     no-undef
  335:9   warning  'setTimerPerm1' is not defined                    no-undef
  342:10  warning  'processFault2' is defined but never used         no-unused-vars
  350:5   warning  'lines' is not defined                            no-undef
  352:3   warning  'lines' is not defined                            no-undef
  353:3   warning  'lines' is not defined                            no-undef
  354:3   warning  'rectangles' is not defined                       no-undef
  355:3   warning  'rectangles' is not defined                       no-undef
  365:5   warning  'timerTracker' is not defined                     no-undef
  366:7   warning  'setF2Timer1' is not defined                      no-undef
  373:10  warning  'processFault3' is defined but never used         no-unused-vars
  379:5   warning  'lines' is not defined                            no-undef
  381:3   warning  'lines' is not defined                            no-undef
  382:3   warning  'rectangles' is not defined                       no-undef
  383:3   warning  'rectangles' is not defined                       no-undef
  393:5   warning  'timerTracker' is not defined                     no-undef
  394:7   warning  'setF3Timer1' is not defined                      no-undef
  401:3   warning  'fault' is not defined                            no-undef
  402:3   warning  'count' is not defined                            no-undef
  403:3   warning  'count1' is not defined                           no-undef
  404:3   warning  's1Active' is not defined                         no-undef
  405:3   warning  's2Active' is not defined                         no-undef
  406:3   warning  's3Active' is not defined                         no-undef
  407:3   warning  's4Active' is not defined                         no-undef
  410:24  warning  'timerTracker' is not defined                     no-undef
  411:24  warning  'timeTracker1' is not defined                     no-undef
  412:24  warning  'timerTracker2' is not defined                    no-undef
  413:24  warning  'timerTracker3' is not defined                    no-undef
  414:24  warning  'timerTracker4' is not defined                    no-undef
  415:24  warning  'timerTracker5' is not defined                    no-undef
  416:24  warning  'timerTracker6' is not defined                    no-undef
  417:24  warning  'timerTracker7' is not defined                    no-undef
  418:24  warning  'timerTracker8' is not defined                    no-undef
  419:24  warning  'timerTracker9' is not defined                    no-undef
  420:24  warning  'timerTracker10' is not defined                   no-undef
  422:3   warning  'lines' is not defined                            no-undef
  425:3   warning  'rectangles' is not defined                       no-undef
  428:3   warning  'arcs' is not defined                             no-undef
  452:10  warning  'displayTimerFormat' is defined but never used    no-unused-vars
  453:7   warning  'timeSet' is not defined                          no-undef
  456:7   warning  'timeSet' is not defined                          no-undef
  459:7   warning  'timeSet' is not defined                          no-undef
  463:7   warning  'timeSet' is not defined                          no-undef
  467:7   warning  'timeSet' is not defined                          no-undef
  471:7   warning  'timeSet' is not defined                          no-undef
  475:7   warning  'timeSet' is not defined                          no-undef

/home/runner/work/exp-autoreclosure-sectionalizer-operation-nitk/exp-autoreclosure-sectionalizer-operation-nitk/experiment/simulation/js/permanentF1.js
    2:5   warning  'displayTimerFormat' is not defined        no-undef
    2:24  warning  'count' is not defined                     no-undef
    3:8   warning  's1Active' is not defined                  no-undef
    4:63  warning  'transientF1' is not defined               no-undef
    6:5   warning  'count' is not defined                     no-undef
    7:8   warning  'count' is not defined                     no-undef
    8:12  warning  's1Active' is not defined                  no-undef
   11:67  warning  'transientF1' is not defined               no-undef
   14:13  warning  'lines' is not defined                     no-undef
   17:13  warning  'lines' is not defined                     no-undef
   19:9   warning  'rectangles' is not defined                no-undef
   20:9   warning  'rectangles' is not defined                no-undef
   21:9   warning  'arcs' is not defined                      no-undef
   23:16  warning  's1Active' is not defined                  no-undef
   23:29  warning  's4Active' is not defined                  no-undef
   29:30  warning  'timerTracker' is not defined              no-undef
   31:16  warning  's1Active' is not defined                  no-undef
   34:71  warning  'transientF1' is not defined               no-undef
   36:13  warning  'count' is not defined                     no-undef
   37:13  warning  'timerTracker1' is not defined             no-undef
   39:9   warning  'setUpCanvas' is not defined               no-undef
   44:5   warning  'displayTimerFormat' is not defined        no-undef
   44:24  warning  'count' is not defined                     no-undef
   45:5   warning  'count' is not defined                     no-undef
   46:8   warning  'count' is not defined                     no-undef
   47:63  warning  'transientF1' is not defined               no-undef
   48:9   warning  'rectangles' is not defined                no-undef
   49:9   warning  'arcs' is not defined                      no-undef
   57:30  warning  'timerTracker1' is not defined             no-undef
   59:13  warning  'count' is not defined                     no-undef
   60:13  warning  'timerTracker2' is not defined             no-undef
   62:9   warning  'setUpCanvas' is not defined               no-undef
   66:5   warning  'count' is not defined                     no-undef
   67:5   warning  'displayTimerFormat' is not defined        no-undef
   67:24  warning  'count' is not defined                     no-undef
   68:8   warning  'count' is not defined                     no-undef
   68:22  warning  'count' is not defined                     no-undef
   69:12  warning  's1Active' is not defined                  no-undef
   72:67  warning  'transientF1' is not defined               no-undef
   75:8   warning  'count' is not defined                     no-undef
   76:12  warning  's1Active' is not defined                  no-undef
   76:25  warning  's4Active' is not defined                  no-undef
   82:67  warning  'transientF1' is not defined               no-undef
   85:8   warning  'count' is not defined                     no-undef
   86:63  warning  'transientF1' is not defined               no-undef
   88:8   warning  'count' is not defined                     no-undef
   89:12  warning  's4Active' is not defined                  no-undef
   89:24  warning  's1Active' is not defined                  no-undef
   93:67  warning  'transientF1' is not defined               no-undef
   94:13  warning  'rectangles' is not defined                no-undef
   95:13  warning  'arcs' is not defined                      no-undef
  100:13  warning  'lines' is not defined                     no-undef
  107:13  warning  'setUpCanvas' is not defined               no-undef
  108:34  warning  'timerTracker2' is not defined             no-undef
  110:17  warning  'count1' is not defined                    no-undef
  111:17  warning  'timerTracker3' is not defined             no-undef
  114:71  warning  'transientF1' is not defined               no-undef
  123:5   warning  'displayTimerFormat' is not defined        no-undef
  123:24  warning  'count1' is not defined                    no-undef
  124:5   warning  'count1' is not defined                    no-undef
  125:8   warning  'count1' is not defined                    no-undef
  126:12  warning  's1Active' is not defined                  no-undef
  126:29  warning  's4Active' is not defined                  no-undef
  127:67  warning  'transientF1' is not defined               no-undef
  129:17  warning  'count1' is not defined                    no-undef
  130:38  warning  'timerTracker3' is not defined             no-undef
  135:12  warning  's1Active' is not defined                  no-undef
  135:29  warning  's4Active' is not defined                  no-undef
  136:67  warning  'transientF1' is not defined               no-undef
  138:17  warning  'count1' is not defined                    no-undef
  139:38  warning  'timerTracker3' is not defined             no-undef
  144:12  warning  's4Active' is not defined                  no-undef
  144:29  warning  's1Active' is not defined                  no-undef
  147:17  warning  'count1' is not defined                    no-undef
  148:38  warning  'timerTracker3' is not defined             no-undef
  153:12  warning  's4Active' is not defined                  no-undef
  153:29  warning  's1Active' is not defined                  no-undef
  155:17  warning  'count1' is not defined                    no-undef
  156:38  warning  'timerTracker3' is not defined             no-undef
  164:10  warning  's1PermClicked' is defined but never used  no-unused-vars
  165:5   warning  's1Active' is not defined                  no-undef
  166:5   warning  'lineFromControltoS1' is not defined       no-undef
  172:13  warning  'count' is not defined                     no-undef
  174:17  warning  'lines' is not defined                     no-undef
  176:13  warning  'lines' is not defined                     no-undef
  177:13  warning  'lines' is not defined                     no-undef
  178:13  warning  'lines' is not defined                     no-undef
  179:13  warning  'lines' is not defined                     no-undef
  180:13  warning  'lines' is not defined                     no-undef
  181:13  warning  'rectangles' is not defined                no-undef
  182:13  warning  'rectangles' is not defined                no-undef
  183:13  warning  'arcs' is not defined                      no-undef
  186:13  warning  'setUpCanvas' is not defined               no-undef
  188:31  warning  'timerTracker3' is not defined             no-undef
  190:17  warning  'timerTracker' is not defined              no-undef
  197:10  warning  's4PermClicked' is defined but never used  no-unused-vars
  198:5   warning  's4Active' is not defined                  no-undef
  199:5   warning  'lineFromControlToS4' is not defined       no-undef
  205:13  warning  'lines' is not defined                     no-undef
  206:13  warning  'lines' is not defined                     no-undef
  207:13  warning  'arcs' is not defined                      no-undef
  208:13  warning  'setUpCanvas' is not defined               no-undef
  209:68  warning  's1Active' is not defined                  no-undef
  210:16  warning  's1Active' is not defined                  no-undef
  212:31  warning  'timerTracker3' is not defined             no-undef
  213:23  warning  's4Active' is not defined                  no-undef
  214:31  warning  'timerTracker3' is not defined             no-undef
  215:17  warning  'timerTracker3' is not defined             no-undef
  222:5   warning  's4Active' is not defined                  no-undef
  224:19  warning  'timerTracker2' is not defined             no-undef
  225:5   warning  'lineFromControlToS4' is not defined       no-undef
  227:5   warning  'lines' is not defined                     no-undef
  230:5   warning  'arcs' is not defined                      no-undef
  233:5   warning  'rectangles' is not defined                no-undef
  237:9   warning  'setUpCanvas' is not defined               no-undef
  238:65  warning  's1Active' is not defined                  no-undef
  239:23  warning  'timerTracker3' is not defined             no-undef

/home/runner/work/exp-autoreclosure-sectionalizer-operation-nitk/exp-autoreclosure-sectionalizer-operation-nitk/experiment/simulation/js/permanentF2.js
   1:10  warning  'setPermF2Timer7' is defined but never used  no-unused-vars
   2:5   warning  'displayTimerFormat' is not defined          no-undef
   2:24  warning  'count' is not defined                       no-undef
   3:5   warning  'count' is not defined                       no-undef
   4:8   warning  'count' is not defined                       no-undef
   7:8   warning  'count' is not defined                       no-undef
  10:13  warning  'lines' is not defined                       no-undef
  13:13  warning  'lines' is not defined                       no-undef
  15:9   warning  'rectangles' is not defined                  no-undef
  16:9   warning  'rectangles' is not defined                  no-undef
  17:9   warning  'arcs' is not defined                        no-undef
  25:9   warning  'setUpCanvas' is not defined                 no-undef
  26:30  warning  'timerTracker8' is not defined               no-undef
  29:13  warning  'count' is not defined                       no-undef
  30:13  warning  'timerTracker9' is not defined               no-undef
  36:5   warning  'displayTimerFormat' is not defined          no-undef
  36:24  warning  'count' is not defined                       no-undef
  37:5   warning  'count' is not defined                       no-undef
  38:8   warning  'count' is not defined                       no-undef
  41:8   warning  'count' is not defined                       no-undef
  43:9   warning  'lineFromControlToS2' is not defined         no-undef
  45:13  warning  'arcs' is not defined                        no-undef
  46:13  warning  'setUpCanvas' is not defined                 no-undef
  49:17  warning  'count' is not defined                       no-undef
  50:38  warning  'timerTracker9' is not defined               no-undef
  52:17  warning  'timerTracker10' is not defined              no-undef
  59:5   warning  'displayTimerFormat' is not defined          no-undef
  59:24  warning  'count' is not defined                       no-undef
  60:5   warning  'count' is not defined                       no-undef
  61:8   warning  'count' is not defined                       no-undef
  64:8   warning  'count' is not defined                       no-undef
  66:30  warning  'timerTracker10' is not defined              no-undef
  68:9   warning  'arcs' is not defined                        no-undef
  69:9   warning  'rectangles' is not defined                  no-undef
  70:9   warning  'lines' is not defined                       no-undef
  71:9   warning  'lines' is not defined                       no-undef
  72:9   warning  'lines' is not defined                       no-undef
  73:9   warning  'setUpCanvas' is not defined                 no-undef

/home/runner/work/exp-autoreclosure-sectionalizer-operation-nitk/exp-autoreclosure-sectionalizer-operation-nitk/experiment/simulation/js/transientF1.js
    1:10  warning  'setTimer1' is defined but never used  no-unused-vars
    2:3   warning  'displayTimerFormat' is not defined    no-undef
    2:22  warning  'count' is not defined                 no-undef
    3:3   warning  'count' is not defined                 no-undef
    4:7   warning  'count' is not defined                 no-undef
    5:59  warning  'transientF1' is not defined           no-undef
    7:7   warning  'lines' is not defined                 no-undef
   10:7   warning  'lines' is not defined                 no-undef
   12:5   warning  'rectangles' is not defined            no-undef
   13:5   warning  'rectangles' is not defined            no-undef
   14:5   warning  'arcs' is not defined                  no-undef
   17:26  warning  'timerTracker' is not defined          no-undef
   19:61  warning  'transientF1' is not defined           no-undef
   20:7   warning  'count' is not defined                 no-undef
   21:7   warning  'timerTracker1' is not defined         no-undef
   25:5   warning  'setUpCanvas' is not defined           no-undef
   30:3   warning  'displayTimerFormat' is not defined    no-undef
   30:22  warning  'count' is not defined                 no-undef
   31:3   warning  'count' is not defined                 no-undef
   32:7   warning  'count' is not defined                 no-undef
   33:59  warning  'transientF1' is not defined           no-undef
   34:5   warning  'rectangles' is not defined            no-undef
   35:5   warning  'arcs' is not defined                  no-undef
   43:26  warning  'timerTracker1' is not defined         no-undef
   45:7   warning  'count' is not defined                 no-undef
   46:7   warning  'timerTracker2' is not defined         no-undef
   50:5   warning  'setUpCanvas' is not defined           no-undef
   54:3   warning  'count' is not defined                 no-undef
   55:3   warning  'displayTimerFormat' is not defined    no-undef
   55:22  warning  'count' is not defined                 no-undef
   56:7   warning  'count' is not defined                 no-undef
   58:59  warning  'transientF1' is not defined           no-undef
   60:7   warning  'count' is not defined                 no-undef
   61:59  warning  'transientF1' is not defined           no-undef
   63:7   warning  'count' is not defined                 no-undef
   64:59  warning  'transientF1' is not defined           no-undef
   66:7   warning  'count' is not defined                 no-undef
   67:59  warning  'transientF1' is not defined           no-undef
   68:5   warning  'rectangles' is not defined            no-undef
   69:5   warning  'arcs' is not defined                  no-undef
   74:5   warning  'lines' is not defined                 no-undef
   88:5   warning  'setUpCanvas' is not defined           no-undef
   89:26  warning  'timerTracker2' is not defined         no-undef
   91:7   warning  'count1' is not defined                no-undef
   92:7   warning  'timerTracker3' is not defined         no-undef
   97:61  warning  'transientF1' is not defined           no-undef
  104:3   warning  'displayTimerFormat' is not defined    no-undef
  104:22  warning  'count1' is not defined                no-undef
  105:3   warning  'count1' is not defined                no-undef
  106:7   warning  'count1' is not defined                no-undef
  107:9   warning  's1Active' is not defined              no-undef
  107:26  warning  's4Active' is not defined              no-undef
  108:61  warning  'transientF1' is not defined           no-undef
  110:9   warning  'count1' is not defined                no-undef
  111:30  warning  'timerTracker3' is not defined         no-undef
  118:9   warning  's1Active' is not defined              no-undef
  118:26  warning  's4Active' is not defined              no-undef
  119:61  warning  'transientF1' is not defined           no-undef
  121:9   warning  'count1' is not defined                no-undef
  122:30  warning  'timerTracker3' is not defined         no-undef
  129:9   warning  's4Active' is not defined              no-undef
  129:26  warning  's1Active' is not defined              no-undef
  130:61  warning  'transientF1' is not defined           no-undef
  132:9   warning  'count1' is not defined                no-undef
  133:30  warning  'timerTracker3' is not defined         no-undef
  140:9   warning  's4Active' is not defined              no-undef
  140:26  warning  's1Active' is not defined              no-undef
  142:7   warning  'count1' is not defined                no-undef
  143:28  warning  'timerTracker3' is not defined         no-undef
  150:10  warning  's1Clicked' is defined but never used  no-unused-vars
  152:3   warning  's1Active' is not defined              no-undef
  153:3   warning  'lineFromControltoS1' is not defined   no-undef
  161:7   warning  'lines' is not defined                 no-undef
  162:7   warning  'lines' is not defined                 no-undef
  163:7   warning  'lines' is not defined                 no-undef
  164:7   warning  'arcs' is not defined                  no-undef
  165:7   warning  'setUpCanvas' is not defined           no-undef
  166:62  warning  's4Active' is not defined              no-undef
  169:11  warning  's4Active' is not defined              no-undef
  171:23  warning  'timerTracker3' is not defined         no-undef
  173:9   warning  'timerTracker3' is not defined         no-undef
  181:10  warning  's4Clicked' is defined but never used  no-unused-vars
  182:3   warning  's4Active' is not defined              no-undef
  183:3   warning  'lineFromControlToS4' is not defined   no-undef
  191:7   warning  'lines' is not defined                 no-undef
  192:7   warning  'lines' is not defined                 no-undef
  193:7   warning  'arcs' is not defined                  no-undef
  194:7   warning  'setUpCanvas' is not defined           no-undef
  195:62  warning  's1Active' is not defined              no-undef
  198:11  warning  's1Active' is not defined              no-undef
  200:23  warning  'timerTracker3' is not defined         no-undef
  202:9   warning  'timerTracker3' is not defined         no-undef

/home/runner/work/exp-autoreclosure-sectionalizer-operation-nitk/exp-autoreclosure-sectionalizer-operation-nitk/experiment/simulation/js/transientF2.js
    2:5   warning  'displayTimerFormat' is not defined      no-undef
    2:24  warning  'count' is not defined                   no-undef
    3:5   warning  'count' is not defined                   no-undef
    4:8   warning  'count' is not defined                   no-undef
    7:13  warning  'lines' is not defined                   no-undef
   10:13  warning  'lines' is not defined                   no-undef
   12:9   warning  'rectangles' is not defined              no-undef
   13:9   warning  'rectangles' is not defined              no-undef
   14:9   warning  'arcs' is not defined                    no-undef
   17:30  warning  'timerTracker' is not defined            no-undef
   20:13  warning  'count' is not defined                   no-undef
   21:13  warning  'timeTracker1' is not defined            no-undef
   23:9   warning  'setUpCanvas' is not defined             no-undef
   28:5   warning  'displayTimerFormat' is not defined      no-undef
   28:24  warning  'count' is not defined                   no-undef
   29:5   warning  'count' is not defined                   no-undef
   30:8   warning  'count' is not defined                   no-undef
   32:9   warning  'rectangles' is not defined              no-undef
   33:9   warning  'arcs' is not defined                    no-undef
   41:30  warning  'timeTracker1' is not defined            no-undef
   43:13  warning  'count' is not defined                   no-undef
   44:13  warning  'timerTracker2' is not defined           no-undef
   46:9   warning  'setUpCanvas' is not defined             no-undef
   51:5   warning  'count' is not defined                   no-undef
   52:5   warning  'displayTimerFormat' is not defined      no-undef
   52:24  warning  'count' is not defined                   no-undef
   53:8   warning  'count' is not defined                   no-undef
   56:8   warning  'count' is not defined                   no-undef
   57:63  warning  'transientF1' is not defined             no-undef
   59:8   warning  'count' is not defined                   no-undef
   60:63  warning  'transientF1' is not defined             no-undef
   62:8   warning  'count' is not defined                   no-undef
   64:9   warning  'rectangles' is not defined              no-undef
   65:9   warning  'arcs' is not defined                    no-undef
   70:9   warning  'lines' is not defined                   no-undef
   77:9   warning  'setUpCanvas' is not defined             no-undef
   78:30  warning  'timerTracker2' is not defined           no-undef
   80:13  warning  'count' is not defined                   no-undef
   84:17  warning  'lines' is not defined                   no-undef
   86:13  warning  'lines' is not defined                   no-undef
   87:13  warning  'lines' is not defined                   no-undef
   88:13  warning  'rectangles' is not defined              no-undef
   89:13  warning  'rectangles' is not defined              no-undef
   90:13  warning  'setUpCanvas' is not defined             no-undef
   91:13  warning  'timerTracker3' is not defined           no-undef
   97:5   warning  'displayTimerFormat' is not defined      no-undef
   97:24  warning  'count' is not defined                   no-undef
   98:8   warning  'count' is not defined                   no-undef
   99:9   warning  'count' is not defined                   no-undef
  100:30  warning  'timerTracker3' is not defined           no-undef
  101:9   warning  'timerTracker4' is not defined           no-undef
  104:9   warning  'count' is not defined                   no-undef
  106:8   warning  'count' is not defined                   no-undef
  112:5   warning  'displayTimerFormat' is not defined      no-undef
  112:24  warning  'count' is not defined                   no-undef
  113:5   warning  'count' is not defined                   no-undef
  114:8   warning  'count' is not defined                   no-undef
  117:13  warning  'lines' is not defined                   no-undef
  120:13  warning  'lines' is not defined                   no-undef
  122:9   warning  'rectangles' is not defined              no-undef
  123:9   warning  'rectangles' is not defined              no-undef
  124:9   warning  'arcs' is not defined                    no-undef
  131:9   warning  'setUpCanvas' is not defined             no-undef
  132:30  warning  'timerTracker4' is not defined           no-undef
  134:13  warning  'count' is not defined                   no-undef
  137:13  warning  'timerTracker5' is not defined           no-undef
  143:5   warning  'displayTimerFormat' is not defined      no-undef
  143:24  warning  'count' is not defined                   no-undef
  144:5   warning  'count' is not defined                   no-undef
  145:8   warning  'count' is not defined                   no-undef
  148:8   warning  'count' is not defined                   no-undef
  149:9   warning  'arcs' is not defined                    no-undef
  150:9   warning  'setUpCanvas' is not defined             no-undef
  152:30  warning  'timerTracker5' is not defined           no-undef
  154:13  warning  'count' is not defined                   no-undef
  156:13  warning  'timerTracker6' is not defined           no-undef
  162:5   warning  'displayTimerFormat' is not defined      no-undef
  162:24  warning  'count' is not defined                   no-undef
  163:5   warning  'count' is not defined                   no-undef
  164:8   warning  'count' is not defined                   no-undef
  167:8   warning  'count' is not defined                   no-undef
  168:30  warning  'timerTracker6' is not defined           no-undef
  170:9   warning  'lines' is not defined                   no-undef
  175:9   warning  'lines' is not defined                   no-undef
  176:9   warning  'arcs' is not defined                    no-undef
  177:9   warning  'rectangles' is not defined              no-undef
  178:9   warning  'setUpCanvas' is not defined             no-undef
  180:13  warning  'count1' is not defined                  no-undef
  181:34  warning  'timerTracker6' is not defined           no-undef
  184:16  warning  'fault' is not defined                   no-undef
  190:13  warning  'timerTracker7' is not defined           no-undef
  197:5   warning  'displayTimerFormat' is not defined      no-undef
  197:24  warning  'count1' is not defined                  no-undef
  198:5   warning  'count1' is not defined                  no-undef
  199:8   warning  'count1' is not defined                  no-undef
  199:25  warning  's1Active' is not defined                no-undef
  202:8   warning  'count1' is not defined                  no-undef
  203:30  warning  'timerTracker7' is not defined           no-undef
  204:30  warning  'timerTracker8' is not defined           no-undef
  205:12  warning  'fault' is not defined                   no-undef
  206:16  warning  's2Active' is not defined                no-undef
  206:33  warning  's1Active' is not defined                no-undef
  206:50  warning  's4Active' is not defined                no-undef
  212:16  warning  's2Active' is not defined                no-undef
  212:33  warning  's4Active' is not defined                no-undef
  212:50  warning  's1Active' is not defined                no-undef
  215:16  warning  's4Active' is not defined                no-undef
  215:33  warning  's1Active' is not defined                no-undef
  218:16  warning  's4Active' is not defined                no-undef
  218:33  warning  's1Active' is not defined                no-undef
  231:10  warning  's2Clicked' is defined but never used    no-unused-vars
  232:5   warning  's2Active' is not defined                no-undef
  233:5   warning  'lineFromControlToS2' is not defined     no-undef
  236:9   warning  'lines' is not defined                   no-undef
  237:9   warning  'lines' is not defined                   no-undef
  238:9   warning  'lines' is not defined                   no-undef
  239:9   warning  'lines' is not defined                   no-undef
  240:9   warning  'lines' is not defined                   no-undef
  241:9   warning  'lines' is not defined                   no-undef
  242:9   warning  'lines' is not defined                   no-undef
  243:9   warning  'arcs' is not defined                    no-undef
  244:9   warning  'setUpCanvas' is not defined             no-undef
  245:12  warning  'fault' is not defined                   no-undef
  246:13  warning  'count1' is not defined                  no-undef
  249:13  warning  'timerTracker8' is not defined           no-undef
  250:19  warning  'fault' is not defined                   no-undef
  251:13  warning  'count' is not defined                   no-undef
  256:17  warning  'rectangles' is not defined              no-undef
  257:17  warning  'rectangles' is not defined              no-undef
  258:17  warning  'arcs' is not defined                    no-undef
  259:17  warning  'arcs' is not defined                    no-undef
  260:17  warning  'lines' is not defined                   no-undef
  261:17  warning  'lines' is not defined                   no-undef
  262:17  warning  'lines' is not defined                   no-undef
  263:17  warning  'lines' is not defined                   no-undef
  264:17  warning  'setUpCanvas' is not defined             no-undef
  265:17  warning  'timerTracker8' is not defined           no-undef
  265:63  warning  'setPermF2Timer7' is not defined         no-undef
  271:10  warning  's1F2Clicked' is defined but never used  no-unused-vars
  272:5   warning  's1Active' is not defined                no-undef
  273:5   warning  'lineFromControltoS1' is not defined     no-undef
  276:9   warning  'lines' is not defined                   no-undef
  277:9   warning  'lines' is not defined                   no-undef
  278:9   warning  'lines' is not defined                   no-undef
  279:9   warning  'arcs' is not defined                    no-undef
  280:9   warning  'setUpCanvas' is not defined             no-undef
  281:9   warning  'count1' is not defined                  no-undef
  284:17  warning  's4Active' is not defined                no-undef
  285:17  warning  'timerTracker8' is not defined           no-undef
  287:31  warning  'timerTracker8' is not defined           no-undef
  292:10  warning  's4F2Clicked' is defined but never used  no-unused-vars
  293:5   warning  's4Active' is not defined                no-undef
  294:5   warning  'lineFromControlToS4' is not defined     no-undef
  297:9   warning  'lines' is not defined                   no-undef
  298:9   warning  'lines' is not defined                   no-undef
  299:9   warning  'arcs' is not defined                    no-undef
  300:9   warning  'setUpCanvas' is not defined             no-undef
  301:9   warning  'count1' is not defined                  no-undef
  304:17  warning  's1Active' is not defined                no-undef
  305:17  warning  'timerTracker8' is not defined           no-undef
  307:31  warning  'timerTracker8' is not defined           no-undef

/home/runner/work/exp-autoreclosure-sectionalizer-operation-nitk/exp-autoreclosure-sectionalizer-operation-nitk/experiment/simulation/js/transientF3.js
    1:10  warning  'setF3Timer1' is defined but never used  no-unused-vars
    2:5   warning  'displayTimerFormat' is not defined      no-undef
    2:24  warning  'count' is not defined                   no-undef
    3:5   warning  'count' is not defined                   no-undef
    4:8   warning  'count' is not defined                   no-undef
    7:13  warning  'lines' is not defined                   no-undef
   10:13  warning  'lines' is not defined                   no-undef
   12:9   warning  'rectangles' is not defined              no-undef
   13:9   warning  'rectangles' is not defined              no-undef
   14:9   warning  'arcs' is not defined                    no-undef
   17:30  warning  'timerTracker' is not defined            no-undef
   20:13  warning  'count' is not defined                   no-undef
   21:13  warning  'timeTracker1' is not defined            no-undef
   23:9   warning  'setUpCanvas' is not defined             no-undef
   29:5   warning  'displayTimerFormat' is not defined      no-undef
   29:24  warning  'count' is not defined                   no-undef
   30:5   warning  'count' is not defined                   no-undef
   31:8   warning  'count' is not defined                   no-undef
   33:9   warning  'rectangles' is not defined              no-undef
   34:9   warning  'arcs' is not defined                    no-undef
   42:30  warning  'timeTracker1' is not defined            no-undef
   44:13  warning  'count' is not defined                   no-undef
   45:13  warning  'timerTracker2' is not defined           no-undef
   47:9   warning  'setUpCanvas' is not defined             no-undef
   52:5   warning  'count' is not defined                   no-undef
   53:5   warning  'displayTimerFormat' is not defined      no-undef
   53:24  warning  'count' is not defined                   no-undef
   54:8   warning  'count' is not defined                   no-undef
   57:8   warning  'count' is not defined                   no-undef
   59:9   warning  'rectangles' is not defined              no-undef
   60:9   warning  'arcs' is not defined                    no-undef
   65:9   warning  'lines' is not defined                   no-undef
   72:9   warning  'setUpCanvas' is not defined             no-undef
   73:30  warning  'timerTracker2' is not defined           no-undef
   75:13  warning  'count' is not defined                   no-undef
   79:17  warning  'lines' is not defined                   no-undef
   81:13  warning  'lines' is not defined                   no-undef
   82:13  warning  'rectangles' is not defined              no-undef
   83:13  warning  'rectangles' is not defined              no-undef
   84:13  warning  'setUpCanvas' is not defined             no-undef
   85:13  warning  'timerTracker3' is not defined           no-undef
   91:5   warning  'displayTimerFormat' is not defined      no-undef
   91:24  warning  'count' is not defined                   no-undef
   92:5   warning  'count' is not defined                   no-undef
   93:8   warning  'count' is not defined                   no-undef
   96:8   warning  'count' is not defined                   no-undef
   98:9   warning  'count' is not defined                   no-undef
  100:13  warning  'lines' is not defined                   no-undef
  103:13  warning  'lines' is not defined                   no-undef
  105:9   warning  'rectangles' is not defined              no-undef
  106:9   warning  'rectangles' is not defined              no-undef
  107:9   warning  'arcs' is not defined                    no-undef
  114:9   warning  'setUpCanvas' is not defined             no-undef
  115:30  warning  'timerTracker3' is not defined           no-undef
  117:13  warning  'timerTracker4' is not defined           no-undef
  123:5   warning  'displayTimerFormat' is not defined      no-undef
  123:24  warning  'count' is not defined                   no-undef
  124:5   warning  'count' is not defined                   no-undef
  125:8   warning  'count' is not defined                   no-undef
  128:8   warning  'count' is not defined                   no-undef
  130:9   warning  'rectangles' is not defined              no-undef
  131:9   warning  'arcs' is not defined                    no-undef
  139:9   warning  'setUpCanvas' is not defined             no-undef
  140:30  warning  'timerTracker4' is not defined           no-undef
  142:13  warning  'count' is not defined                   no-undef
  143:13  warning  'timerTracker5' is not defined           no-undef
  149:5   warning  'displayTimerFormat' is not defined      no-undef
  149:24  warning  'count' is not defined                   no-undef
  150:5   warning  'count' is not defined                   no-undef
  151:8   warning  'count' is not defined                   no-undef
  154:8   warning  'count' is not defined                   no-undef
  156:13  warning  'lines' is not defined                   no-undef
  158:9   warning  'lines' is not defined                   no-undef
  159:9   warning  'rectangles' is not defined              no-undef
  160:9   warning  'rectangles' is not defined              no-undef
  161:9   warning  'arcs' is not defined                    no-undef
  162:9   warning  'setUpCanvas' is not defined             no-undef
  163:30  warning  'timerTracker5' is not defined           no-undef
  164:9   warning  'count' is not defined                   no-undef
  168:17  warning  'lines' is not defined                   no-undef
  170:13  warning  'lines' is not defined                   no-undef
  171:13  warning  'rectangles' is not defined              no-undef
  172:13  warning  'rectangles' is not defined              no-undef
  173:13  warning  'setUpCanvas' is not defined             no-undef
  175:13  warning  'timerTracker6' is not defined           no-undef
  181:5   warning  'displayTimerFormat' is not defined      no-undef
  181:24  warning  'count' is not defined                   no-undef
  182:5   warning  'count' is not defined                   no-undef
  183:8   warning  'count' is not defined                   no-undef
  186:8   warning  'count' is not defined                   no-undef
  188:13  warning  'lines' is not defined                   no-undef
  190:9   warning  'lines' is not defined                   no-undef
  191:9   warning  'lines' is not defined                   no-undef
  192:9   warning  'lines' is not defined                   no-undef
  193:9   warning  'rectangles' is not defined              no-undef
  194:9   warning  'rectangles' is not defined              no-undef
  195:9   warning  'arcs' is not defined                    no-undef
  196:9   warning  'setUpCanvas' is not defined             no-undef
  198:13  warning  'count' is not defined                   no-undef
  199:34  warning  'timerTracker6' is not defined           no-undef
  201:13  warning  'timerTracker7' is not defined           no-undef
  207:5   warning  'displayTimerFormat' is not defined      no-undef
  207:24  warning  'count' is not defined                   no-undef
  208:5   warning  'count' is not defined                   no-undef
  209:8   warning  'count' is not defined                   no-undef
  210:9   warning  'arcs' is not defined                    no-undef
  211:9   warning  'arcs' is not defined                    no-undef
  212:9   warning  'setUpCanvas' is not defined             no-undef
  215:13  warning  'count' is not defined                   no-undef
  216:34  warning  'timerTracker7' is not defined           no-undef
  217:13  warning  'timerTracker8' is not defined           no-undef
  224:5   warning  'displayTimerFormat' is not defined      no-undef
  224:24  warning  'count' is not defined                   no-undef
  225:5   warning  'count' is not defined                   no-undef
  226:8   warning  'count' is not defined                   no-undef
  229:8   warning  'count' is not defined                   no-undef
  232:8   warning  'count' is not defined                   no-undef
  233:9   warning  'count' is not defined                   no-undef
  234:30  warning  'timerTracker8' is not defined           no-undef
  235:9   warning  'timerTracker9' is not defined           no-undef
  240:5   warning  'displayTimerFormat' is not defined      no-undef
  240:24  warning  'count' is not defined                   no-undef
  241:5   warning  'count' is not defined                   no-undef
  242:8   warning  'count' is not defined                   no-undef
  243:9   warning  'rectangles' is not defined              no-undef
  244:9   warning  'rectangles' is not defined              no-undef
  245:9   warning  'lines' is not defined                   no-undef
  246:9   warning  'lines' is not defined                   no-undef
  247:9   warning  'lines' is not defined                   no-undef
  248:9   warning  'lines' is not defined                   no-undef
  249:9   warning  'setUpCanvas' is not defined             no-undef
  252:13  warning  'count' is not defined                   no-undef
  253:13  warning  'count1' is not defined                  no-undef
  256:34  warning  'timerTracker9' is not defined           no-undef
  258:13  warning  'timerTracker10' is not defined          no-undef
  264:5   warning  'displayTimerFormat' is not defined      no-undef
  264:24  warning  'count1' is not defined                  no-undef
  265:5   warning  'count1' is not defined                  no-undef
  266:8   warning  'count1' is not defined                  no-undef
  267:12  warning  's3Active' is not defined                no-undef
  268:34  warning  'timerTracker10' is not defined          no-undef
  274:12  warning  's3Active' is not defined                no-undef
  274:29  warning  's2Active' is not defined                no-undef
  275:34  warning  'timerTracker11' is not defined          no-undef
  281:12  warning  's3Active' is not defined                no-undef
  281:29  warning  's2Active' is not defined                no-undef
  281:46  warning  's1Active' is not defined                no-undef
  281:63  warning  's4Active' is not defined                no-undef
  282:34  warning  'timerTracker12' is not defined          no-undef
  288:12  warning  's3Active' is not defined                no-undef
  288:29  warning  's2Active' is not defined                no-undef
  288:46  warning  's1Active' is not defined                no-undef
  288:63  warning  's4Active' is not defined                no-undef
  289:34  warning  'timerTracker13' is not defined          no-undef
  295:12  warning  's3Active' is not defined                no-undef
  295:29  warning  's2Active' is not defined                no-undef
  295:46  warning  's1Active' is not defined                no-undef
  295:63  warning  's4Active' is not defined                no-undef
  296:34  warning  'timerTracker14' is not defined          no-undef
  305:10  warning  's3Clicked' is defined but never used    no-unused-vars
  306:5   warning  's3Active' is not defined                no-undef
  307:5   warning  'lineFromControlToS3' is not defined     no-undef
  309:5   warning  'arcs' is not defined                    no-undef
  310:5   warning  'lines' is not defined                   no-undef
  311:5   warning  'lines' is not defined                   no-undef
  312:5   warning  'lines' is not defined                   no-undef
  314:9   warning  'setUpCanvas' is not defined             no-undef
  316:9   warning  'count1' is not defined                  no-undef
  318:9   warning  'timerTracker11' is not defined          no-undef
  322:10  warning  's2F3Clicked' is defined but never used  no-unused-vars
  323:5   warning  's2Active' is not defined                no-undef
  324:5   warning  'lineFromControlToS2' is not defined     no-undef
  326:5   warning  'arcs' is not defined                    no-undef
  327:5   warning  'lines' is not defined                   no-undef
  328:5   warning  'lines' is not defined                   no-undef
  329:5   warning  'lines' is not defined                   no-undef
  330:5   warning  'lines' is not defined                   no-undef
  331:5   warning  'lines' is not defined                   no-undef
  332:5   warning  'lines' is not defined                   no-undef
  334:9   warning  'setUpCanvas' is not defined             no-undef
  336:9   warning  'count1' is not defined                  no-undef
  338:9   warning  'timerTracker12' is not defined          no-undef
  341:10  warning  's1F3Clicked' is defined but never used  no-unused-vars
  342:5   warning  's1Active' is not defined                no-undef
  343:5   warning  'lineFromControltoS1' is not defined     no-undef
  345:5   warning  'lines' is not defined                   no-undef
  346:5   warning  'lines' is not defined                   no-undef
  347:5   warning  'lines' is not defined                   no-undef
  348:5   warning  'arcs' is not defined                    no-undef
  351:9   warning  'setUpCanvas' is not defined             no-undef
  353:9   warning  'count1' is not defined                  no-undef
  355:13  warning  's4Active' is not defined                no-undef
  356:13  warning  'timerTracker13' is not defined          no-undef
  363:10  warning  's4F3Clicked' is defined but never used  no-unused-vars
  364:5   warning  's4Active' is not defined                no-undef
  365:5   warning  'lineFromControlToS4' is not defined     no-undef
  367:5   warning  'lines' is not defined                   no-undef
  368:5   warning  'lines' is not defined                   no-undef
  369:5   warning  'arcs' is not defined                    no-undef
  372:9   warning  'setUpCanvas' is not defined             no-undef
  374:9   warning  'count1' is not defined                  no-undef
  376:13  warning  's1Active' is not defined                no-undef
  377:13  warning  'timerTracker14' is not defined          no-undef

 899 problems (0 errors, 899 warnings)

